Release 5.2i - xst F.28
Copyright (c) 1995-2002 Xilinx, Inc.  All rights reserved.
--> Parameter TMPDIR set to __projnav
CPU : 0.00 / 0.15 s | Elapsed : 0.00 / 0.00 s
 
--> Parameter xsthdpdir set to ./xst
CPU : 0.00 / 0.15 s | Elapsed : 0.00 / 0.00 s
 
--> Reading design: decoderd.prj

TABLE OF CONTENTS
  1) Synthesis Options Summary
  2) HDL Compilation
  3) HDL Analysis
  4) HDL Synthesis
     4.1) HDL Synthesis Report
  5) Low Level Synthesis
  6) Final Report
     6.1) Device utilization summary
     6.2) TIMING REPORT


=========================================================================
*                      Synthesis Options Summary                        *
=========================================================================
---- Source Parameters
Input File Name                    : decoderd.prj
Input Format                       : VHDL
Ignore Synthesis Constraint File   : NO

---- Target Parameters
Output File Name                   : decoderd
Output Format                      : NGC
Target Device                      : xc2s200-5fg456

---- Source Options
Entity Name                        : decoderd
Automatic FSM Extraction           : YES
FSM Encoding Algorithm             : Auto
RAM Extraction                     : Yes
RAM Style                          : Auto
ROM Extraction                     : Yes
ROM Style                          : Auto
Mux Extraction                     : YES
Mux Style                          : Auto
Decoder Extraction                 : YES
Priority Encoder Extraction        : YES
Shift Register Extraction          : YES
Logical Shifter Extraction         : YES
XOR Collapsing                     : YES
Resource Sharing                   : YES
Complex Clock Enable Extraction    : YES
Multiplier Style                   : lut
Automatic Register Balancing       : No

---- Target Options
Add IO Buffers                     : YES
Global Maximum Fanout              : 100
Add Generic Clock Buffer(BUFG)     : 4
Register Duplication               : YES
Equivalent register Removal        : YES
Slice Packing                      : YES
Pack IO Registers into IOBs        : auto

---- General Options
Optimization Criterion             : Speed
Optimization Effort                : 1
Keep Hierarchy                     : NO
Global Optimization                : AllClockNets
RTL Output                         : Yes
Write Timing Constraints           : NO
Hierarchy Separator                : _
Bus Delimiter                      : <>
Case Specifier                     : lower
Top module area constraint         : 100
Top module allowed area overflow   : 5

---- Other Options
read_cores                         : YES
cross_clock_analysis               : NO

=========================================================================


=========================================================================
*                          HDL Compilation                              *
=========================================================================
Compiling vhdl file C:/Xilinx/bin/SC201/decoderd.vhf in Library work.
Entity <decoderd> (Architecture <schematic>) compiled.

=========================================================================
*                            HDL Analysis                               *
=========================================================================

Analyzing Entity <decoderd> (Architecture <schematic>).
    Set user-defined property "LOC =  AB17" for signal <r1> in unit <decoderd>.
    Set user-defined property "LOC =  AB16" for signal <r2> in unit <decoderd>.
    Set user-defined property "LOC =  Y15" for signal <r3> in unit <decoderd>.
    Set user-defined property "LOC =  AA15" for signal <r4> in unit <decoderd>.
Entity <decoderd> analyzed. Unit <decoderd> generated.


=========================================================================
*                           HDL Synthesis                               *
=========================================================================

Synthesizing Unit <decoderd>.
    Related source file is C:/Xilinx/bin/SC201/decoderd.vhf.
Unit <decoderd> synthesized.


=========================================================================
HDL Synthesis Report

Found no macro
=========================================================================

=========================================================================
*                         Low Level Synthesis                           *
=========================================================================
Library "C:/Xilinx/data/librtl.xst" Consulted

Optimizing unit <decoderd> ...

Mapping all equations...
Loading device for application Xst from file 'v200.nph' in environment C:/Xilinx.
Building and optimizing final netlist ...
Found area constraint ratio of 100 (+ 5) on block decoderd, actual ratio is 0.

=========================================================================
*                            Final Report                               *
=========================================================================
Final Results
RTL Top Level Output File Name     : decoderd.ngr
Top Level Output File Name         : decoderd
Output Format                      : NGC
Optimization Criterion             : Speed
Keep Hierarchy                     : NO
Macro Generator                    : macro+

Design Statistics
# IOs                              : 9

Cell Usage :
# BELS                             : 9
#      and2                        : 4
#      or2                         : 4
#      or4                         : 1
# IO Buffers                       : 9
#      IBUF                        : 8
#      OBUF                        : 1
=========================================================================

Device utilization summary:
---------------------------

Selected Device : 2s200fg456-5 

 Number of bonded IOBs:                  9  out of    288     3%  


=========================================================================
TIMING REPORT

NOTE: THESE TIMING NUMBERS ARE ONLY A SYNTHESIS ESTIMATE.
      FOR ACCURATE TIMING INFORMATION PLEASE REFER TO THE TRACE REPORT
      GENERATED AFTER PLACE-and-ROUTE.

Clock Information:
------------------
No clock signals found in this design

Timing Summary:
---------------
Speed Grade: -5

   Minimum period: No path found
   Minimum input arrival time before clock: No path found
   Maximum output required time after clock: No path found
   Maximum combinational path delay: 13.370ns

Timing Detail:
--------------
All values displayed in nanoseconds (ns)

-------------------------------------------------------------------------
Timing constraint: Default path analysis
Delay:               13.370ns (Levels of Logic = 5)
  Source:            c3
  Destination:       d

  Data Path: c3 to d
                                Gate     Net
    Cell:in->out      fanout   Delay   Delay  Logical Name (Net Name)
    ----------------------------------------  ------------
     IBUF:i->o             3   0.924   1.480  c3_ibuf (c3_ibuf)
     or2:i1->o             1   0.653   1.150  xlxi_4 (xlxn_28)
     and2:i0->o            1   0.653   1.150  xlxi_8 (xlxn_12)
     or4:i0->o             1   0.653   1.150  xlxi_9 (d_obuf)
     OBUF:i->o                 5.557          d_obuf (d)
    ----------------------------------------
    Total                     13.370ns (8.440ns logic, 4.930ns route)
                                       (63.1% logic, 36.9% route)

=========================================================================
CPU : 0.63 / 0.90 s | Elapsed : 1.00 / 1.00 s
 
--> 

Total memory usage is 53364 kilobytes


